<?xml version="1.0" encoding="UTF-8"?>
<testsuite xmlns:xsi="http://www.w3.org/2001/XMLSchema-instance" xsi:noNamespaceSchemaLocation="https://maven.apache.org/surefire/maven-surefire-plugin/xsd/surefire-test-report-3.0.xsd" version="3.0" name="com.projectalpha.service.ConnectionServiceTest" time="0.803" tests="6" errors="0" skipped="0" failures="0">
  <properties>
[...]
</properties>
  <testcase name="testGetAllConnections" classname="com.projectalpha.service.ConnectionServiceTest" time="0.595">
    <system-err><![CDATA[WARNING: A Java agent has been loaded dynamically (D:\software\mavenRepository601X\net\bytebuddy\byte-buddy-agent\1.14.10\byte-buddy-agent-1.14.10.jar)
WARNING: If a serviceability tool is in use, please run with -XX:+EnableDynamicAgentLoading to hide this warning
WARNING: If a serviceability tool is not in use, please run with -Djdk.instrument.traceUsage for more information
WARNING: Dynamic loading of agents will be disallowed by default in a future release
]]></system-err>
  </testcase>
  <testcase name="testCreateConnection" classname="com.projectalpha.service.ConnectionServiceTest" time="0.007"/>
  <testcase name="testGetConnection" classname="com.projectalpha.service.ConnectionServiceTest" time="0.002"/>
  <testcase name="testDeleteConnection" classname="com.projectalpha.service.ConnectionServiceTest" time="0.005"/>
  <testcase name="testUpdateConnection" classname="com.projectalpha.service.ConnectionServiceTest" time="0.002"/>
  <testcase name="testTestConnection" classname="com.projectalpha.service.ConnectionServiceTest" time="0.167">
    <system-out><![CDATA[08:06:11.398 [main] ERROR com.projectalpha.service.ConnectionService -- Connection test failed for 'null' using URL: jdbc:mysql://localhost:3306/test_db?useSSL=false&serverTimezone=UTC
08:06:11.399 [main] ERROR com.projectalpha.service.ConnectionService -- SQL State: 08S01, Error Code: 0, Message: Communications link failure

The last packet sent successfully to the server was 0 milliseconds ago. The driver has not received any packets from the server.
]]></system-out>
  </testcase>
</testsuite>